2026-04-27 12:31:28.022 [main] INFO  game.gateway.GatewayApplication - Starting GatewayApplication using Java 17.0.13 with PID 37400 (D:\coding\game-server\gateway\target\classes started by zcg10 in D:\coding\game-server)
2026-04-27 12:31:28.023 [main] DEBUG game.gateway.GatewayApplication - Running with Spring Boot v3.2.5, Spring v6.1.6
2026-04-27 12:31:28.024 [main] INFO  game.gateway.GatewayApplication - No active profile set, falling back to 1 default profile: "default"
2026-04-27 12:31:28.371 [main] INFO  game.gateway.GatewayApplication - Started GatewayApplication in 0.654 seconds (process running for 1.043)
2026-04-27 12:31:28.496 [main] INFO  game.gateway.netty.server.NettyServer - Netty Gateway started, port = 19001
2026-04-27 14:22:40.465 [main] INFO  game.gateway.GatewayApplication - Starting GatewayApplication using Java 17.0.13 with PID 21544 (D:\coding\game-server\gateway\target\classes started by zcg10 in D:\coding\game-server)
2026-04-27 14:22:40.466 [main] DEBUG game.gateway.GatewayApplication - Running with Spring Boot v3.2.5, Spring v6.1.6
2026-04-27 14:22:40.467 [main] INFO  game.gateway.GatewayApplication - No active profile set, falling back to 1 default profile: "default"
2026-04-27 14:22:40.860 [main] INFO  game.gateway.GatewayApplication - Started GatewayApplication in 0.674 seconds (process running for 2.149)
2026-04-27 14:22:40.973 [main] INFO  game.gateway.netty.server.NettyServer - Netty Gateway started, port = 19001
2026-04-27 15:50:50.143 [main] INFO  game.gateway.GatewayApplication - Starting GatewayApplication using Java 17.0.13 with PID 28132 (D:\coding\game-server\gateway\target\classes started by zcg10 in D:\coding\game-server)
2026-04-27 15:50:50.144 [main] DEBUG game.gateway.GatewayApplication - Running with Spring Boot v3.2.5, Spring v6.1.6
2026-04-27 15:50:50.145 [main] INFO  game.gateway.GatewayApplication - No active profile set, falling back to 1 default profile: "default"
2026-04-27 15:50:50.621 [main] INFO  game.gateway.GatewayApplication - Started GatewayApplication in 0.84 seconds (process running for 1.405)
2026-04-27 15:50:50.764 [main] INFO  game.gateway.netty.server.NettyServer - Netty Gateway started, port = 19001
2026-04-27 17:57:50.735 [main] INFO  game.gateway.GatewayApplication - Starting GatewayApplication using Java 17.0.13 with PID 9688 (D:\coding\game-server\gateway\target\classes started by zcg10 in D:\coding\game-server)
2026-04-27 17:57:50.736 [main] DEBUG game.gateway.GatewayApplication - Running with Spring Boot v3.2.5, Spring v6.1.6
2026-04-27 17:57:50.736 [main] INFO  game.gateway.GatewayApplication - No active profile set, falling back to 1 default profile: "default"
2026-04-27 17:57:51.221 [nioEventLoopGroup-2-1] INFO  game.gateway.netty.client.GameClient - GameServer连接失败，3秒后重连...
2026-04-27 17:57:51.292 [main] INFO  game.gateway.GatewayApplication - Started GatewayApplication in 0.851 seconds (process running for 1.308)
2026-04-27 17:57:51.320 [main] INFO  game.gateway.netty.server.NettyServer - Netty Gateway started, port = 19001
2026-04-27 17:57:54.223 [nioEventLoopGroup-2-2] INFO  game.gateway.netty.client.GameClient - GameServer连接失败，3秒后重连...
2026-04-27 17:57:57.232 [nioEventLoopGroup-2-3] INFO  game.gateway.netty.client.GameClient - GameServer连接失败，3秒后重连...
2026-04-27 17:58:00.239 [nioEventLoopGroup-2-4] INFO  game.gateway.netty.client.GameClient - GameServer连接失败，3秒后重连...
2026-04-27 17:58:03.248 [nioEventLoopGroup-2-5] INFO  game.gateway.netty.client.GameClient - GameServer连接失败，3秒后重连...
2026-04-27 17:58:06.261 [nioEventLoopGroup-2-6] INFO  game.gateway.netty.client.GameClient - GameServer连接失败，3秒后重连...
2026-04-27 17:58:09.267 [nioEventLoopGroup-2-7] INFO  game.gateway.netty.client.GameClient - GameServer连接失败，3秒后重连...
2026-04-27 17:58:12.283 [nioEventLoopGroup-2-8] INFO  game.gateway.netty.client.GameClient - GameServer连接失败，3秒后重连...
2026-04-27 17:58:15.296 [nioEventLoopGroup-2-9] INFO  game.gateway.netty.client.GameClient - GameServer连接失败，3秒后重连...
2026-04-27 17:58:18.312 [nioEventLoopGroup-2-10] INFO  game.gateway.netty.client.GameClient - GameServer连接失败，3秒后重连...
2026-04-27 17:58:21.320 [nioEventLoopGroup-2-11] INFO  game.gateway.netty.client.GameClient - GameServer连接失败，3秒后重连...
2026-04-27 17:58:24.328 [nioEventLoopGroup-2-12] INFO  game.gateway.netty.client.GameClient - GameServer连接失败，3秒后重连...
2026-04-27 17:58:27.343 [nioEventLoopGroup-2-13] INFO  game.gateway.netty.client.GameClient - GameServer连接失败，3秒后重连...
2026-04-27 17:58:30.358 [nioEventLoopGroup-2-14] INFO  game.gateway.netty.client.GameClient - GameServer连接失败，3秒后重连...
2026-04-27 17:58:33.371 [nioEventLoopGroup-2-15] INFO  game.gateway.netty.client.GameClient - GameServer连接失败，3秒后重连...
2026-04-27 17:58:36.386 [nioEventLoopGroup-2-16] INFO  game.gateway.netty.client.GameClient - GameServer连接失败，3秒后重连...
2026-04-27 17:58:39.404 [nioEventLoopGroup-2-17] INFO  game.gateway.netty.client.GameClient - GameServer连接失败，3秒后重连...
2026-04-27 17:58:42.415 [nioEventLoopGroup-2-18] INFO  game.gateway.netty.client.GameClient - GameServer连接失败，3秒后重连...
2026-04-27 17:58:45.435 [nioEventLoopGroup-2-19] INFO  game.gateway.netty.client.GameClient - GameServer连接失败，3秒后重连...
2026-04-27 17:58:48.440 [nioEventLoopGroup-2-20] INFO  game.gateway.netty.client.GameClient - GameServer连接失败，3秒后重连...
2026-04-27 17:58:51.449 [nioEventLoopGroup-2-21] INFO  game.gateway.netty.client.GameClient - GameServer连接失败，3秒后重连...
2026-04-27 17:58:54.463 [nioEventLoopGroup-2-22] INFO  game.gateway.netty.client.GameClient - GameServer连接失败，3秒后重连...
2026-04-27 17:58:57.471 [nioEventLoopGroup-2-23] INFO  game.gateway.netty.client.GameClient - GameServer连接失败，3秒后重连...
2026-04-27 17:59:00.480 [nioEventLoopGroup-2-24] INFO  game.gateway.netty.client.GameClient - GameServer连接失败，3秒后重连...
2026-04-27 17:59:03.493 [nioEventLoopGroup-2-1] INFO  game.gateway.netty.client.GameClient - GameServer连接失败，3秒后重连...
2026-04-27 17:59:06.508 [nioEventLoopGroup-2-2] INFO  game.gateway.netty.client.GameClient - GameServer连接失败，3秒后重连...
2026-04-27 17:59:09.520 [nioEventLoopGroup-2-3] INFO  game.gateway.netty.client.GameClient - GameServer连接失败，3秒后重连...
2026-04-27 17:59:12.531 [nioEventLoopGroup-2-4] INFO  game.gateway.netty.client.GameClient - GameServer连接失败，3秒后重连...
2026-04-27 17:59:15.541 [nioEventLoopGroup-2-5] INFO  game.gateway.netty.client.GameClient - GameServer连接失败，3秒后重连...
2026-04-27 17:59:18.557 [nioEventLoopGroup-2-6] INFO  game.gateway.netty.client.GameClient - GameServer连接失败，3秒后重连...
2026-04-27 17:59:21.570 [nioEventLoopGroup-2-7] INFO  game.gateway.netty.client.GameClient - GameServer连接失败，3秒后重连...
2026-04-27 17:59:24.590 [nioEventLoopGroup-2-8] INFO  game.gateway.netty.client.GameClient - GameServer连接失败，3秒后重连...
2026-04-27 17:59:27.605 [nioEventLoopGroup-2-9] INFO  game.gateway.netty.client.GameClient - GameServer连接失败，3秒后重连...
2026-04-27 17:59:30.607 [nioEventLoopGroup-2-10] INFO  game.gateway.netty.client.GameClient - GameServer连接失败，3秒后重连...
2026-04-27 17:59:33.615 [nioEventLoopGroup-2-11] INFO  game.gateway.netty.client.GameClient - GameServer连接失败，3秒后重连...
2026-04-27 17:59:36.630 [nioEventLoopGroup-2-12] INFO  game.gateway.netty.client.GameClient - GameServer连接失败，3秒后重连...
2026-04-27 17:59:39.644 [nioEventLoopGroup-2-13] INFO  game.gateway.netty.client.GameClient - GameServer连接失败，3秒后重连...
2026-04-27 17:59:42.653 [nioEventLoopGroup-2-14] INFO  game.gateway.netty.client.GameClient - GameServer连接失败，3秒后重连...
2026-04-27 17:59:45.663 [nioEventLoopGroup-2-15] INFO  game.gateway.netty.client.GameClient - GameServer连接失败，3秒后重连...
2026-04-27 17:59:48.680 [nioEventLoopGroup-2-16] INFO  game.gateway.netty.client.GameClient - GameServer连接失败，3秒后重连...
2026-04-27 17:59:51.689 [nioEventLoopGroup-2-17] INFO  game.gateway.netty.client.GameClient - GameServer连接失败，3秒后重连...
2026-04-27 17:59:54.696 [nioEventLoopGroup-2-18] INFO  game.gateway.netty.client.GameClient - GameServer连接失败，3秒后重连...
2026-04-27 17:59:57.708 [nioEventLoopGroup-2-19] INFO  game.gateway.netty.client.GameClient - GameServer连接失败，3秒后重连...
2026-04-27 18:00:00.716 [nioEventLoopGroup-2-20] INFO  game.gateway.netty.client.GameClient - GameServer连接失败，3秒后重连...
2026-04-27 18:00:03.719 [nioEventLoopGroup-2-21] INFO  game.gateway.netty.client.GameClient - GameServer连接失败，3秒后重连...
2026-04-27 18:00:06.733 [nioEventLoopGroup-2-22] INFO  game.gateway.netty.client.GameClient - GameServer连接失败，3秒后重连...
2026-04-27 18:00:09.746 [nioEventLoopGroup-2-23] INFO  game.gateway.netty.client.GameClient - GameServer连接失败，3秒后重连...
2026-04-27 18:00:12.761 [nioEventLoopGroup-2-24] INFO  game.gateway.netty.client.GameClient - GameServer连接失败，3秒后重连...
2026-04-27 18:00:15.764 [nioEventLoopGroup-2-1] INFO  game.gateway.netty.client.GameClient - GameServer连接失败，3秒后重连...
2026-04-27 18:00:18.771 [nioEventLoopGroup-2-2] INFO  game.gateway.netty.client.GameClient - GameServer连接失败，3秒后重连...
2026-04-27 18:00:21.780 [nioEventLoopGroup-2-3] INFO  game.gateway.netty.client.GameClient - GameServer连接失败，3秒后重连...
2026-04-27 18:00:24.797 [nioEventLoopGroup-2-4] INFO  game.gateway.netty.client.GameClient - GameServer连接失败，3秒后重连...
2026-04-27 18:00:27.811 [nioEventLoopGroup-2-5] INFO  game.gateway.netty.client.GameClient - GameServer连接失败，3秒后重连...
2026-04-27 18:00:30.826 [nioEventLoopGroup-2-6] INFO  game.gateway.netty.client.GameClient - GameServer连接失败，3秒后重连...
2026-04-27 18:00:33.831 [nioEventLoopGroup-2-7] INFO  game.gateway.netty.client.GameClient - GameServer连接失败，3秒后重连...
2026-04-27 18:00:36.850 [nioEventLoopGroup-2-8] INFO  game.gateway.netty.client.GameClient - GameServer连接失败，3秒后重连...
2026-04-27 18:00:39.855 [nioEventLoopGroup-2-9] INFO  game.gateway.netty.client.GameClient - GameServer连接失败，3秒后重连...
2026-04-27 18:00:42.864 [nioEventLoopGroup-2-10] INFO  game.gateway.netty.client.GameClient - GameServer连接失败，3秒后重连...
2026-04-27 18:00:45.877 [nioEventLoopGroup-2-11] INFO  game.gateway.netty.client.GameClient - GameServer连接失败，3秒后重连...
2026-04-27 18:00:48.894 [nioEventLoopGroup-2-12] INFO  game.gateway.netty.client.GameClient - GameServer连接失败，3秒后重连...
2026-04-27 18:00:51.903 [nioEventLoopGroup-2-13] INFO  game.gateway.netty.client.GameClient - GameServer连接失败，3秒后重连...
2026-04-27 18:00:54.909 [nioEventLoopGroup-2-14] INFO  game.gateway.netty.client.GameClient - GameServer连接失败，3秒后重连...
2026-04-27 18:00:57.926 [nioEventLoopGroup-2-15] INFO  game.gateway.netty.client.GameClient - GameServer连接失败，3秒后重连...
2026-04-27 18:01:00.934 [nioEventLoopGroup-2-16] INFO  game.gateway.netty.client.GameClient - GameServer连接失败，3秒后重连...
2026-04-27 18:01:03.937 [nioEventLoopGroup-2-17] INFO  game.gateway.netty.client.GameClient - GameServer连接失败，3秒后重连...
2026-04-27 18:01:06.943 [nioEventLoopGroup-2-18] INFO  game.gateway.netty.client.GameClient - GameServer连接失败，3秒后重连...
2026-04-27 18:01:09.955 [nioEventLoopGroup-2-19] INFO  game.gateway.netty.client.GameClient - GameServer连接失败，3秒后重连...
2026-04-27 18:01:12.971 [nioEventLoopGroup-2-20] INFO  game.gateway.netty.client.GameClient - GameServer连接失败，3秒后重连...
2026-04-27 18:01:15.980 [nioEventLoopGroup-2-21] INFO  game.gateway.netty.client.GameClient - GameServer连接失败，3秒后重连...
2026-04-27 18:01:18.993 [nioEventLoopGroup-2-22] INFO  game.gateway.netty.client.GameClient - GameServer连接失败，3秒后重连...
2026-04-27 18:01:22.001 [nioEventLoopGroup-2-23] INFO  game.gateway.netty.client.GameClient - GameServer连接失败，3秒后重连...
2026-04-27 18:01:25.016 [nioEventLoopGroup-2-24] INFO  game.gateway.netty.client.GameClient - GameServer连接失败，3秒后重连...
2026-04-27 18:01:28.027 [nioEventLoopGroup-2-1] INFO  game.gateway.netty.client.GameClient - GameServer连接失败，3秒后重连...
2026-04-27 18:01:31.033 [nioEventLoopGroup-2-2] INFO  game.gateway.netty.client.GameClient - GameServer连接失败，3秒后重连...
2026-04-27 18:01:34.037 [nioEventLoopGroup-2-3] INFO  game.gateway.netty.client.GameClient - GameServer连接失败，3秒后重连...
2026-04-27 18:01:37.050 [nioEventLoopGroup-2-4] INFO  game.gateway.netty.client.GameClient - GameServer连接失败，3秒后重连...
2026-04-27 18:01:40.058 [nioEventLoopGroup-2-5] INFO  game.gateway.netty.client.GameClient - GameServer连接失败，3秒后重连...
2026-04-27 18:01:43.075 [nioEventLoopGroup-2-6] INFO  game.gateway.netty.client.GameClient - GameServer连接失败，3秒后重连...
2026-04-27 18:01:46.088 [nioEventLoopGroup-2-7] INFO  game.gateway.netty.client.GameClient - GameServer连接失败，3秒后重连...
2026-04-27 18:01:49.099 [nioEventLoopGroup-2-8] INFO  game.gateway.netty.client.GameClient - GameServer连接失败，3秒后重连...
2026-04-27 18:01:52.107 [nioEventLoopGroup-2-9] INFO  game.gateway.netty.client.GameClient - GameServer连接失败，3秒后重连...
2026-04-27 18:01:55.124 [nioEventLoopGroup-2-10] INFO  game.gateway.netty.client.GameClient - GameServer连接失败，3秒后重连...
2026-04-27 18:01:58.141 [nioEventLoopGroup-2-11] INFO  game.gateway.netty.client.GameClient - GameServer连接失败，3秒后重连...
2026-04-27 18:02:01.145 [nioEventLoopGroup-2-12] INFO  game.gateway.netty.client.GameClient - GameServer连接失败，3秒后重连...
2026-04-27 18:02:04.159 [nioEventLoopGroup-2-13] INFO  game.gateway.netty.client.GameClient - GameServer连接失败，3秒后重连...
2026-04-27 18:02:07.173 [nioEventLoopGroup-2-14] INFO  game.gateway.netty.client.GameClient - GameServer连接失败，3秒后重连...
2026-04-27 18:02:10.186 [nioEventLoopGroup-2-15] INFO  game.gateway.netty.client.GameClient - GameServer连接失败，3秒后重连...
2026-04-27 18:02:13.196 [nioEventLoopGroup-2-16] INFO  game.gateway.netty.client.GameClient - GameServer连接失败，3秒后重连...
2026-04-27 18:02:16.211 [nioEventLoopGroup-2-17] INFO  game.gateway.netty.client.GameClient - GameServer连接失败，3秒后重连...
2026-04-27 18:02:19.214 [nioEventLoopGroup-2-18] INFO  game.gateway.netty.client.GameClient - GameServer连接失败，3秒后重连...
2026-04-27 18:02:22.223 [nioEventLoopGroup-2-19] INFO  game.gateway.netty.client.GameClient - GameServer连接失败，3秒后重连...
2026-04-27 18:02:25.242 [nioEventLoopGroup-2-20] INFO  game.gateway.netty.client.GameClient - GameServer连接失败，3秒后重连...
2026-04-27 18:02:28.252 [nioEventLoopGroup-2-21] INFO  game.gateway.netty.client.GameClient - GameServer连接失败，3秒后重连...
2026-04-27 18:02:31.268 [nioEventLoopGroup-2-22] INFO  game.gateway.netty.client.GameClient - GameServer连接失败，3秒后重连...
2026-04-27 18:02:34.283 [nioEventLoopGroup-2-23] INFO  game.gateway.netty.client.GameClient - GameServer连接失败，3秒后重连...
2026-04-27 18:02:37.295 [nioEventLoopGroup-2-24] INFO  game.gateway.netty.client.GameClient - GameServer连接失败，3秒后重连...
2026-04-27 18:02:40.304 [nioEventLoopGroup-2-1] INFO  game.gateway.netty.client.GameClient - GameServer连接失败，3秒后重连...
2026-04-27 18:02:43.318 [nioEventLoopGroup-2-2] INFO  game.gateway.netty.client.GameClient - GameServer连接失败，3秒后重连...
2026-04-27 18:02:46.327 [nioEventLoopGroup-2-3] INFO  game.gateway.netty.client.GameClient - GameServer连接失败，3秒后重连...
2026-04-27 18:02:49.343 [nioEventLoopGroup-2-4] INFO  game.gateway.netty.client.GameClient - GameServer连接失败，3秒后重连...
2026-04-27 18:02:52.361 [nioEventLoopGroup-2-5] INFO  game.gateway.netty.client.GameClient - 已连接 GameServer
2026-04-27 18:34:07.421 [main] INFO  game.gateway.GatewayApplication - Starting GatewayApplication using Java 17.0.13 with PID 44160 (D:\coding\game-server\gateway\target\classes started by zcg10 in D:\coding\game-server)
2026-04-27 18:34:07.422 [main] DEBUG game.gateway.GatewayApplication - Running with Spring Boot v3.2.5, Spring v6.1.6
2026-04-27 18:34:07.423 [main] INFO  game.gateway.GatewayApplication - No active profile set, falling back to 1 default profile: "default"
2026-04-27 18:34:07.849 [nioEventLoopGroup-2-1] INFO  game.gateway.netty.client.GameClient - 已连接 GameServer
2026-04-27 18:34:07.921 [main] INFO  game.gateway.GatewayApplication - Started GatewayApplication in 0.79 seconds (process running for 1.26)
2026-04-27 18:34:07.947 [main] INFO  game.gateway.netty.server.NettyServer - Netty Gateway started, port = 19001
2026-04-27 18:34:34.147 [nioEventLoopGroup-4-1] INFO  game.gateway.netty.server.handler.WsAuthHandler - ws auth token is empty
